{"/home/jeanbauch/Development/study/JavaScript/Spotify - multplexing/server/config.js": {"path":"/home/jeanbauch/Development/study/JavaScript/Spotify - multplexing/server/config.js","statementMap":{"0":{"start":{"line":4,"column":19},"end":{"line":4,"column":58}},"1":{"start":{"line":5,"column":13},"end":{"line":5,"column":36}},"2":{"start":{"line":6,"column":23},"end":{"line":6,"column":42}},"3":{"start":{"line":7,"column":24},"end":{"line":7,"column":44}}},"fnMap":{},"branchMap":{"0":{"loc":{"start":{"line":10,"column":8},"end":{"line":10,"column":32}},"type":"binary-expr","locations":[{"start":{"line":10,"column":8},"end":{"line":10,"column":24}},{"start":{"line":10,"column":28},"end":{"line":10,"column":32}}],"line":10}},"s":{"0":1,"1":1,"2":1,"3":1},"f":{},"b":{"0":[1,1]},"_coverageSchema":"1a1c01bbd47fc00a2c39e90264f33305004495a9","hash":"f68fe94cfc164b5bf12d92e7ec131ed60323d610"}
,"/home/jeanbauch/Development/study/JavaScript/Spotify - multplexing/server/controller.js": {"path":"/home/jeanbauch/Development/study/JavaScript/Spotify - multplexing/server/controller.js","statementMap":{"0":{"start":{"line":5,"column":4},"end":{"line":5,"column":32}},"1":{"start":{"line":9,"column":4},"end":{"line":9,"column":47}}},"fnMap":{"0":{"name":"(anonymous_0)","decl":{"start":{"line":4,"column":2},"end":{"line":4,"column":3}},"loc":{"start":{"line":4,"column":16},"end":{"line":6,"column":3}},"line":4},"1":{"name":"(anonymous_1)","decl":{"start":{"line":8,"column":2},"end":{"line":8,"column":3}},"loc":{"start":{"line":8,"column":32},"end":{"line":10,"column":3}},"line":8}},"branchMap":{},"s":{"0":1,"1":0},"f":{"0":1,"1":0},"b":{},"_coverageSchema":"1a1c01bbd47fc00a2c39e90264f33305004495a9","hash":"9575bf53068ea5852a473e91e2fb6137681aa474"}
,"/home/jeanbauch/Development/study/JavaScript/Spotify - multplexing/server/routes.js": {"path":"/home/jeanbauch/Development/study/JavaScript/Spotify - multplexing/server/routes.js","statementMap":{"0":{"start":{"line":14,"column":4},"end":{"line":14,"column":10}},"1":{"start":{"line":16,"column":19},"end":{"line":16,"column":35}},"2":{"start":{"line":19,"column":26},"end":{"line":19,"column":33}},"3":{"start":{"line":21,"column":2},"end":{"line":27,"column":3}},"4":{"start":{"line":22,"column":4},"end":{"line":24,"column":6}},"5":{"start":{"line":26,"column":4},"end":{"line":26,"column":25}},"6":{"start":{"line":29,"column":2},"end":{"line":36,"column":3}},"7":{"start":{"line":33,"column":8},"end":{"line":33,"column":48}},"8":{"start":{"line":35,"column":4},"end":{"line":35,"column":32}},"9":{"start":{"line":38,"column":2},"end":{"line":45,"column":3}},"10":{"start":{"line":42,"column":8},"end":{"line":42,"column":54}},"11":{"start":{"line":44,"column":4},"end":{"line":44,"column":32}},"12":{"start":{"line":48,"column":2},"end":{"line":62,"column":3}},"13":{"start":{"line":52,"column":8},"end":{"line":52,"column":43}},"14":{"start":{"line":54,"column":24},"end":{"line":54,"column":42}},"15":{"start":{"line":55,"column":4},"end":{"line":59,"column":5}},"16":{"start":{"line":56,"column":6},"end":{"line":58,"column":8}},"17":{"start":{"line":61,"column":4},"end":{"line":61,"column":33}},"18":{"start":{"line":64,"column":2},"end":{"line":64,"column":25}},"19":{"start":{"line":65,"column":2},"end":{"line":65,"column":23}},"20":{"start":{"line":69,"column":2},"end":{"line":73,"column":3}},"21":{"start":{"line":70,"column":4},"end":{"line":70,"column":50}},"22":{"start":{"line":71,"column":4},"end":{"line":71,"column":27}},"23":{"start":{"line":72,"column":4},"end":{"line":72,"column":25}},"24":{"start":{"line":75,"column":2},"end":{"line":75,"column":52}},"25":{"start":{"line":76,"column":2},"end":{"line":76,"column":25}},"26":{"start":{"line":77,"column":2},"end":{"line":77,"column":23}},"27":{"start":{"line":81,"column":2},"end":{"line":82,"column":47}},"28":{"start":{"line":82,"column":18},"end":{"line":82,"column":46}}},"fnMap":{"0":{"name":"routes","decl":{"start":{"line":18,"column":15},"end":{"line":18,"column":21}},"loc":{"start":{"line":18,"column":41},"end":{"line":66,"column":1}},"line":18},"1":{"name":"handleError","decl":{"start":{"line":68,"column":9},"end":{"line":68,"column":20}},"loc":{"start":{"line":68,"column":38},"end":{"line":78,"column":1}},"line":68},"2":{"name":"handler","decl":{"start":{"line":80,"column":16},"end":{"line":80,"column":23}},"loc":{"start":{"line":80,"column":43},"end":{"line":83,"column":1}},"line":80},"3":{"name":"(anonymous_3)","decl":{"start":{"line":82,"column":9},"end":{"line":82,"column":10}},"loc":{"start":{"line":82,"column":18},"end":{"line":82,"column":46}},"line":82}},"branchMap":{"0":{"loc":{"start":{"line":21,"column":2},"end":{"line":27,"column":3}},"type":"if","locations":[{"start":{"line":21,"column":2},"end":{"line":27,"column":3}},{"start":{},"end":{}}],"line":21},"1":{"loc":{"start":{"line":21,"column":5},"end":{"line":21,"column":36}},"type":"binary-expr","locations":[{"start":{"line":21,"column":5},"end":{"line":21,"column":21}},{"start":{"line":21,"column":25},"end":{"line":21,"column":36}}],"line":21},"2":{"loc":{"start":{"line":29,"column":2},"end":{"line":36,"column":3}},"type":"if","locations":[{"start":{"line":29,"column":2},"end":{"line":36,"column":3}},{"start":{},"end":{}}],"line":29},"3":{"loc":{"start":{"line":29,"column":5},"end":{"line":29,"column":40}},"type":"binary-expr","locations":[{"start":{"line":29,"column":5},"end":{"line":29,"column":21}},{"start":{"line":29,"column":25},"end":{"line":29,"column":40}}],"line":29},"4":{"loc":{"start":{"line":38,"column":2},"end":{"line":45,"column":3}},"type":"if","locations":[{"start":{"line":38,"column":2},"end":{"line":45,"column":3}},{"start":{},"end":{}}],"line":38},"5":{"loc":{"start":{"line":38,"column":5},"end":{"line":38,"column":46}},"type":"binary-expr","locations":[{"start":{"line":38,"column":5},"end":{"line":38,"column":21}},{"start":{"line":38,"column":25},"end":{"line":38,"column":46}}],"line":38},"6":{"loc":{"start":{"line":48,"column":2},"end":{"line":62,"column":3}},"type":"if","locations":[{"start":{"line":48,"column":2},"end":{"line":62,"column":3}},{"start":{},"end":{}}],"line":48},"7":{"loc":{"start":{"line":55,"column":4},"end":{"line":59,"column":5}},"type":"if","locations":[{"start":{"line":55,"column":4},"end":{"line":59,"column":5}},{"start":{},"end":{}}],"line":55},"8":{"loc":{"start":{"line":69,"column":2},"end":{"line":73,"column":3}},"type":"if","locations":[{"start":{"line":69,"column":2},"end":{"line":73,"column":3}},{"start":{},"end":{}}],"line":69}},"s":{"0":1,"1":1,"2":8,"3":8,"4":1,"5":1,"6":7,"7":1,"8":1,"9":6,"10":1,"11":1,"12":5,"13":4,"14":2,"15":2,"16":1,"17":2,"18":1,"19":1,"20":2,"21":1,"22":1,"23":1,"24":1,"25":1,"26":1,"27":8,"28":2},"f":{"0":8,"1":2,"2":8,"3":2},"b":{"0":[1,7],"1":[8,7],"2":[1,6],"3":[7,6],"4":[1,5],"5":[6,5],"6":[4,1],"7":[1,1],"8":[1,1]},"_coverageSchema":"1a1c01bbd47fc00a2c39e90264f33305004495a9","hash":"64e016e861e08d41d38d8bf1969494e3f56309d9"}
,"/home/jeanbauch/Development/study/JavaScript/Spotify - multplexing/server/service.js": {"path":"/home/jeanbauch/Development/study/JavaScript/Spotify - multplexing/server/service.js","statementMap":{"0":{"start":{"line":10,"column":4},"end":{"line":10,"column":10}},"1":{"start":{"line":14,"column":4},"end":{"line":14,"column":40}},"2":{"start":{"line":19,"column":25},"end":{"line":19,"column":52}},"3":{"start":{"line":20,"column":4},"end":{"line":20,"column":41}},"4":{"start":{"line":21,"column":21},"end":{"line":21,"column":42}},"5":{"start":{"line":23,"column":4},"end":{"line":26,"column":5}},"6":{"start":{"line":33,"column":8},"end":{"line":33,"column":36}},"7":{"start":{"line":34,"column":4},"end":{"line":37,"column":5}}},"fnMap":{"0":{"name":"(anonymous_0)","decl":{"start":{"line":13,"column":2},"end":{"line":13,"column":3}},"loc":{"start":{"line":13,"column":29},"end":{"line":15,"column":3}},"line":13},"1":{"name":"(anonymous_1)","decl":{"start":{"line":17,"column":2},"end":{"line":17,"column":3}},"loc":{"start":{"line":17,"column":26},"end":{"line":27,"column":3}},"line":17},"2":{"name":"(anonymous_2)","decl":{"start":{"line":29,"column":2},"end":{"line":29,"column":3}},"loc":{"start":{"line":29,"column":28},"end":{"line":38,"column":3}},"line":29}},"branchMap":{},"s":{"0":1,"1":0,"2":0,"3":0,"4":0,"5":0,"6":0,"7":0},"f":{"0":0,"1":0,"2":0},"b":{},"_coverageSchema":"1a1c01bbd47fc00a2c39e90264f33305004495a9","hash":"f9be8d6c08f77ef6a3fbaeb0ce756aaf992a5a6f"}
,"/home/jeanbauch/Development/study/JavaScript/Spotify - multplexing/server/util.js": {"path":"/home/jeanbauch/Development/study/JavaScript/Spotify - multplexing/server/util.js","statementMap":{"0":{"start":{"line":3,"column":12},"end":{"line":11,"column":2}},"1":{"start":{"line":13,"column":22},"end":{"line":13,"column":25}}},"fnMap":{},"branchMap":{},"s":{"0":1,"1":1},"f":{},"b":{},"_coverageSchema":"1a1c01bbd47fc00a2c39e90264f33305004495a9","hash":"2774b4460d18b09648bc90c05b7cd01fc744ffdc"}
,"/home/jeanbauch/Development/study/JavaScript/Spotify - multplexing/tests/unit/_util/testUtil.js": {"path":"/home/jeanbauch/Development/study/JavaScript/Spotify - multplexing/tests/unit/_util/testUtil.js","statementMap":{"0":{"start":{"line":8,"column":4},"end":{"line":16,"column":6}},"1":{"start":{"line":10,"column":8},"end":{"line":12,"column":9}},"2":{"start":{"line":11,"column":10},"end":{"line":11,"column":25}},"3":{"start":{"line":14,"column":8},"end":{"line":14,"column":23}},"4":{"start":{"line":20,"column":4},"end":{"line":26,"column":6}},"5":{"start":{"line":22,"column":8},"end":{"line":22,"column":21}},"6":{"start":{"line":24,"column":8},"end":{"line":24,"column":23}},"7":{"start":{"line":30,"column":26},"end":{"line":30,"column":81}},"8":{"start":{"line":31,"column":21},"end":{"line":31,"column":62}},"9":{"start":{"line":33,"column":17},"end":{"line":43,"column":5}},"10":{"start":{"line":45,"column":4},"end":{"line":48,"column":5}},"11":{"start":{"line":46,"column":20},"end":{"line":46,"column":39}}},"fnMap":{"0":{"name":"(anonymous_0)","decl":{"start":{"line":7,"column":2},"end":{"line":7,"column":3}},"loc":{"start":{"line":7,"column":38},"end":{"line":17,"column":3}},"line":7},"1":{"name":"(anonymous_1)","decl":{"start":{"line":9,"column":6},"end":{"line":9,"column":7}},"loc":{"start":{"line":9,"column":13},"end":{"line":15,"column":7}},"line":9},"2":{"name":"(anonymous_2)","decl":{"start":{"line":19,"column":2},"end":{"line":19,"column":3}},"loc":{"start":{"line":19,"column":38},"end":{"line":27,"column":3}},"line":19},"3":{"name":"(anonymous_3)","decl":{"start":{"line":21,"column":6},"end":{"line":21,"column":7}},"loc":{"start":{"line":21,"column":28},"end":{"line":25,"column":7}},"line":21},"4":{"name":"(anonymous_4)","decl":{"start":{"line":29,"column":2},"end":{"line":29,"column":3}},"loc":{"start":{"line":29,"column":31},"end":{"line":49,"column":3}},"line":29},"5":{"name":"(anonymous_5)","decl":{"start":{"line":31,"column":53},"end":{"line":31,"column":54}},"loc":{"start":{"line":31,"column":59},"end":{"line":31,"column":61}},"line":31},"6":{"name":"(anonymous_6)","decl":{"start":{"line":46,"column":14},"end":{"line":46,"column":15}},"loc":{"start":{"line":46,"column":20},"end":{"line":46,"column":39}},"line":46}},"branchMap":{},"s":{"0":6,"1":0,"2":0,"3":0,"4":2,"5":0,"6":0,"7":2,"8":2,"9":2,"10":2,"11":8},"f":{"0":6,"1":0,"2":2,"3":0,"4":2,"5":0,"6":8},"b":{},"_coverageSchema":"1a1c01bbd47fc00a2c39e90264f33305004495a9","hash":"a2c662caec8a19955bb85ca99c73f1b5ca1d13e4"}
}
